[root@vnode-0 ~]# ansible-playbook ansible-role-laniakea-cert-fix/playbook.yml -e "admin_email=ma.tangaro@gmail.com"
/usr/lib/python2.7/site-packages/ansible/parsing/vault/__init__.py:79: CryptographyDeprecationWarning: Python 2 is no longer supported by the Python core team. Support for it is now deprecated in cryptography, and will be removed in the next release.
  from cryptography.hazmat.primitives.hashes import SHA256 as c_SHA256
 [WARNING]: Host file not found: /etc/ansible/hosts
 [WARNING]: provided hosts list is empty, only localhost is available

PLAY [localhost] ***************************************************************

TASK [ansible-role-laniakea-cert-fix : stat] ***********************************
ok: [localhost]

TASK [ansible-role-laniakea-cert-fix : debug] **********************************
ok: [localhost] => {
    "msg": "ma.tangaro@gmail.com"
}

TASK [ansible-role-laniakea-cert-fix : Stop NGINX server to run certbot on port 80] ***
changed: [localhost]

TASK [ansible-role-laniakea-cert-fix : Copy build_dns_record script] ***********
ok: [localhost]

TASK [ansible-role-laniakea-cert-fix : Build dns record] ***********************
changed: [localhost]

TASK [ansible-role-laniakea-cert-fix : debug] **********************************
ok: [localhost] => {
    "msg": "cloud-90-147-75-113.cloud.ba.infn.it"
}

TASK [ansible-role-laniakea-cert-fix : [EL] Install Python3 for certbot] *******
changed: [localhost]
 [WARNING]: Consider using yum module rather than running yum

TASK [ansible-role-laniakea-cert-fix : Install certbot] ************************
ok: [localhost]

TASK [ansible-role-laniakea-cert-fix : Create certificate] *********************
ok: [localhost]

TASK [ansible-role-laniakea-cert-fix : Setup cronjob for renewal] **************
ok: [localhost]

TASK [ansible-role-laniakea-cert-fix : Stop NGINX server for updating it] ******
skipping: [localhost]

TASK [ansible-role-laniakea-cert-fix : Backup nginx configuration dir] *********
skipping: [localhost]

TASK [ansible-role-laniakea-cert-fix : [EL] Remove  NGINX Galaxy repository] ***
skipping: [localhost]

TASK [ansible-role-laniakea-cert-fix : [EL] Uninstall NGINX] *******************
skipping: [localhost]

TASK [ansible-role-laniakea-cert-fix : [EL] Add NGINX official repository] *****
skipping: [localhost]

TASK [ansible-role-laniakea-cert-fix : [EL] Install nginx 1.20.1] **************
skipping: [localhost]

TASK [ansible-role-laniakea-cert-fix : [EL] Retrieve the upload module] ********
skipping: [localhost]

TASK [ansible-role-laniakea-cert-fix : [EL] Install the upload module] *********
skipping: [localhost]

TASK [ansible-role-laniakea-cert-fix : Include NGINX specific variables.] ******
skipping: [localhost]

TASK [ansible-role-laniakea-cert-fix : Copy the NGINX configuration file] ******
skipping: [localhost]

TASK [ansible-role-laniakea-cert-fix : Copy the NGINX configuration file] ******
skipping: [localhost]

TASK [ansible-role-laniakea-cert-fix : Check if nginx default configuration exists] ***
skipping: [localhost]

TASK [ansible-role-laniakea-cert-fix : Backup nginx default configuration] *****
skipping: [localhost]

TASK [ansible-role-laniakea-cert-fix : Remove 80 port configuration, freeing it for certbot] ***
skipping: [localhost]

TASK [ansible-role-laniakea-cert-fix : restart nginx if nothing has been done] *
changed: [localhost]

TASK [ansible-role-laniakea-cert-fix : Fix laniakeautils check instance script] 
ok: [localhost]

TASK [ansible-role-laniakea-cert-fix : debug] **********************************
ok: [localhost] => {
    "msg": "Your Galaxy is now available at: https://cloud-90-147-75-113.cloud.ba.infn.it/galaxy"
}

PLAY RECAP *********************************************************************
localhost                  : ok=13   changed=4    unreachable=0    failed=0   
